utility.h:509:59: error: 'OBJ_DATA' has not been declared
utility.h:512:41: error: 'OBJ_DATA' has not been declared
utility.h:515:56: error: 'OBJ_DATA' has not been declared
utility.h:521:41: error: 'OBJ_DATA' has not been declared
utility.h:540:42: error: 'OBJ_DATA' has not been declared
utility.h:541:42: error: 'OBJ_DATA' has not been declared
utility.h:542:25: error: 'OBJ_DATA' was not declared in this scope
utility.h:543:26: error: 'OBJ_DATA' was not declared in this scope
utility.h:545:25: error: 'OBJ_DATA' was not declared in this scope
utility.h:546:43: error: 'OBJ_DATA' has not been declared
mobile.h:20:39: error: 'OBJ_DATA' has not been declared
mobile.h:84:17: error: 'OBJ_DATA' has not been declared
quest.h:46:32: error: 'OBJ_DATA' has not been declared
utility.h:509:59: error: 'OBJ_DATA' has not been declared
utility.h:512:41: error: 'OBJ_DATA' has not been declared
utility.h:515:56: error: 'OBJ_DATA' has not been declared
utility.h:521:41: error: 'OBJ_DATA' has not been declared
utility.h:540:42: error: 'OBJ_DATA' has not been declared
utility.h:541:42: error: 'OBJ_DATA' has not been declared
utility.h:542:25: error: 'OBJ_DATA' was not declared in this scope
utility.h:543:26: error: 'OBJ_DATA' was not declared in this scope
utility.h:545:25: error: 'OBJ_DATA' was not declared in this scope
utility.h:546:43: error: 'OBJ_DATA' has not been declared
mobile.h:20:39: error: 'OBJ_DATA' has not been declared
mobile.h:84:17: error: 'OBJ_DATA' has not been declared
quest.h:46:32: error: 'OBJ_DATA' has not been declared
utility.h:509:59: error: 'OBJ_DATA' has not been declared
utility.h:512:41: error: 'OBJ_DATA' has not been declared
utility.h:515:56: error: 'OBJ_DATA' has not been declared
utility.h:521:41: error: 'OBJ_DATA' has not been declared
utility.h:540:42: error: 'OBJ_DATA' has not been declared
utility.h:541:42: error: 'OBJ_DATA' has not been declared
utility.h:542:25: error: 'OBJ_DATA' was not declared in this scope
utility.h:543:26: error: 'OBJ_DATA' was not declared in this scope
utility.h:509:59: error: 'OBJ_DATA' has not been declared
utility.h:512:41: error: 'OBJ_DATA' has not been declared
utility.h:515:56: error: 'OBJ_DATA' has not been declared
utility.h:521:41: error: 'OBJ_DATA' has not been declared
utility.h:540:42: error: 'OBJ_DATA' has not been declared
utility.h:541:42: error: 'OBJ_DATA' has not been declared
utility.h:545:25: error: 'OBJ_DATA' was not declared in this scope
utility.h:542:25: error: 'OBJ_DATA' was not declared in this scope
utility.h:543:26: error: 'OBJ_DATA' was not declared in this scope
utility.h:546:43: error: 'OBJ_DATA' has not been declared
mobile.h:20:39: error: 'OBJ_DATA' has not been declared
mobile.h:84:17: error: 'OBJ_DATA' has not been declared
quest.h:46:32: error: 'OBJ_DATA' has not been declared
utility.h:545:25: error: 'OBJ_DATA' was not declared in this scope
utility.h:546:43: error: 'OBJ_DATA' has not been declared
mobile.h:20:39: error: 'OBJ_DATA' has not been declared
mobile.h:84:17: error: 'OBJ_DATA' has not been declared
quest.h:46:32: error: 'OBJ_DATA' has not been declared
utility.h:509:59: error: 'OBJ_DATA' has not been declared
utility.h:512:41: error: 'OBJ_DATA' has not been declared
utility.h:515:56: error: 'OBJ_DATA' has not been declared
utility.h:521:41: error: 'OBJ_DATA' has not been declared
utility.h:540:42: error: 'OBJ_DATA' has not been declared
utility.h:541:42: error: 'OBJ_DATA' has not been declared
utility.h:542:25: error: 'OBJ_DATA' was not declared in this scope
utility.h:543:26: error: 'OBJ_DATA' was not declared in this scope
utility.h:545:25: error: 'OBJ_DATA' was not declared in this scope
utility.h:546:43: error: 'OBJ_DATA' has not been declared
mobile.h:20:39: error: 'OBJ_DATA' has not been declared
mobile.h:84:17: error: 'OBJ_DATA' has not been declared
quest.h:46:32: error: 'OBJ_DATA' has not been declared
character.h:83:5: error: 'OBJ_DATA' does not name a type
character.h:373:5: error: 'OBJ_DATA' does not name a type
utility.h:509:59: error: 'OBJ_DATA' has not been declared
utility.h:512:41: error: 'OBJ_DATA' has not been declared
utility.h:515:56: error: 'OBJ_DATA' has not been declared
utility.h:521:41: error: 'OBJ_DATA' has not been declared
utility.h:540:42: error: 'OBJ_DATA' has not been declared
utility.h:541:42: error: 'OBJ_DATA' has not been declared
utility.h:542:25: error: 'OBJ_DATA' was not declared in this scope
utility.h:543:26: error: 'OBJ_DATA' was not declared in this scope
utility.h:545:25: error: 'OBJ_DATA' was not declared in this scope
utility.h:546:43: error: 'OBJ_DATA' has not been declared
mobile.h:20:39: error: 'OBJ_DATA' has not been declared
mobile.h:84:17: error: 'OBJ_DATA' has not been declared
quest.h:46:32: error: 'OBJ_DATA' has not been declared
utility.h:509:59: error: 'OBJ_DATA' has not been declared
utility.h:512:41: error: 'OBJ_DATA' has not been declared
utility.h:515:56: error: 'OBJ_DATA' has not been declared
utility.h:521:41: error: 'OBJ_DATA' has not been declared
utility.h:540:42: error: 'OBJ_DATA' has not been declared
utility.h:541:42: error: 'OBJ_DATA' has not been declared
utility.h:542:25: error: 'OBJ_DATA' was not declared in this scope
character.h:83:5: error: 'OBJ_DATA' does not name a type
utility.h:543:26: error: 'OBJ_DATA' was not declared in this scope
utility.h:545:25: error: 'OBJ_DATA' was not declared in this scope
character.h:373:5: error: 'OBJ_DATA' does not name a type
utility.h:546:43: error: 'OBJ_DATA' has not been declared
mobile.h:20:39: error: 'OBJ_DATA' has not been declared
mobile.h:84:17: error: 'OBJ_DATA' has not been declared
quest.h:46:32: error: 'OBJ_DATA' has not been declared
utility.h:509:59: error: 'OBJ_DATA' has not been declared
utility.h:512:41: error: 'OBJ_DATA' has not been declared
utility.h:515:56: error: 'OBJ_DATA' has not been declared
utility.h:521:41: error: 'OBJ_DATA' has not been declared
utility.h:540:42: error: 'OBJ_DATA' has not been declared
utility.h:541:42: error: 'OBJ_DATA' has not been declared
utility.h:542:25: error: 'OBJ_DATA' was not declared in this scope
utility.h:543:26: error: 'OBJ_DATA' was not declared in this scope
character.h:83:5: error: 'OBJ_DATA' does not name a type
utility.h:545:25: error: 'OBJ_DATA' was not declared in this scope
character.h:373:5: error: 'OBJ_DATA' does not name a type
utility.h:509:59: error: 'OBJ_DATA' has not been declared
utility.h:512:41: error: 'OBJ_DATA' has not been declared
utility.h:515:56: error: 'OBJ_DATA' has not been declared
utility.h:521:41: error: 'OBJ_DATA' has not been declared
utility.h:540:42: error: 'OBJ_DATA' has not been declared
utility.h:541:42: error: 'OBJ_DATA' has not been declared
utility.h:546:43: error: 'OBJ_DATA' has not been declared
mobile.h:20:39: error: 'OBJ_DATA' has not been declared
mobile.h:84:17: error: 'OBJ_DATA' has not been declared
quest.h:46:32: error: 'OBJ_DATA' has not been declared
utility.h:542:25: error: 'OBJ_DATA' was not declared in this scope
utility.h:509:59: error: 'OBJ_DATA' has not been declared
character.h:83:5: error: 'OBJ_DATA' does not name a type
utility.h:512:41: error: 'OBJ_DATA' has not been declared
utility.h:515:56: error: 'OBJ_DATA' has not been declared
utility.h:521:41: error: 'OBJ_DATA' has not been declared
utility.h:540:42: error: 'OBJ_DATA' has not been declared
utility.h:541:42: error: 'OBJ_DATA' has not been declared
utility.h:543:26: error: 'OBJ_DATA' was not declared in this scope
utility.h:542:25: error: 'OBJ_DATA' was not declared in this scope
character.h:373:5: error: 'OBJ_DATA' does not name a type
utility.h:543:26: error: 'OBJ_DATA' was not declared in this scope
utility.h:545:25: error: 'OBJ_DATA' was not declared in this scope
utility.h:545:25: error: 'OBJ_DATA' was not declared in this scope
utility.h:546:43: error: 'OBJ_DATA' has not been declared
mobile.h:20:39: error: 'OBJ_DATA' has not been declared
mobile.h:84:17: error: 'OBJ_DATA' has not been declared
quest.h:46:32: error: 'OBJ_DATA' has not been declared
utility.h:546:43: error: 'OBJ_DATA' has not been declared
mobile.h:20:39: error: 'OBJ_DATA' has not been declared
mobile.h:84:17: error: 'OBJ_DATA' has not been declared
quest.h:46:32: error: 'OBJ_DATA' has not been declared
utility.h:509:59: error: 'OBJ_DATA' has not been declared
utility.h:512:41: error: 'OBJ_DATA' has not been declared
utility.h:515:56: error: 'OBJ_DATA' has not been declared
utility.h:521:41: error: 'OBJ_DATA' has not been declared
utility.h:540:42: error: 'OBJ_DATA' has not been declared
utility.h:541:42: error: 'OBJ_DATA' has not been declared
utility.h:542:25: error: 'OBJ_DATA' was not declared in this scope
utility.h:509:59: error: 'OBJ_DATA' has not been declared
utility.h:543:26: error: 'OBJ_DATA' was not declared in this scope
utility.h:512:41: error: 'OBJ_DATA' has not been declared
utility.h:515:56: error: 'OBJ_DATA' has not been declared
utility.h:521:41: error: 'OBJ_DATA' has not been declared
utility.h:540:42: error: 'OBJ_DATA' has not been declared
utility.h:541:42: error: 'OBJ_DATA' has not been declared
utility.h:542:25: error: 'OBJ_DATA' was not declared in this scope
utility.h:545:25: error: 'OBJ_DATA' was not declared in this scope
utility.h:543:26: error: 'OBJ_DATA' was not declared in this scope
utility.h:546:43: error: 'OBJ_DATA' has not been declared
mobile.h:20:39: error: 'OBJ_DATA' has not been declared
mobile.h:84:17: error: 'OBJ_DATA' has not been declared
quest.h:46:32: error: 'OBJ_DATA' has not been declared
utility.h:545:25: error: 'OBJ_DATA' was not declared in this scope
utility.h:546:43: error: 'OBJ_DATA' has not been declared
mobile.h:20:39: error: 'OBJ_DATA' has not been declared
mobile.h:84:17: error: 'OBJ_DATA' has not been declared
quest.h:46:32: error: 'OBJ_DATA' has not been declared
character.h:83:5: error: 'OBJ_DATA' does not name a type
utility.h:509:59: error: 'OBJ_DATA' has not been declared
utility.h:512:41: error: 'OBJ_DATA' has not been declared
utility.h:515:56: error: 'OBJ_DATA' has not been declared
utility.h:521:41: error: 'OBJ_DATA' has not been declared
utility.h:540:42: error: 'OBJ_DATA' has not been declared
utility.h:541:42: error: 'OBJ_DATA' has not been declared
utility.h:542:25: error: 'OBJ_DATA' was not declared in this scope
character.h:373:5: error: 'OBJ_DATA' does not name a type
utility.h:543:26: error: 'OBJ_DATA' was not declared in this scope
utility.h:545:25: error: 'OBJ_DATA' was not declared in this scope
utility.h:546:43: error: 'OBJ_DATA' has not been declared
mobile.h:20:39: error: 'OBJ_DATA' has not been declared
mobile.h:84:17: error: 'OBJ_DATA' has not been declared
quest.h:46:32: error: 'OBJ_DATA' has not been declared
utility.h:509:59: error: 'OBJ_DATA' has not been declared
utility.h:512:41: error: 'OBJ_DATA' has not been declared
utility.h:515:56: error: 'OBJ_DATA' has not been declared
utility.h:521:41: error: 'OBJ_DATA' has not been declared
utility.h:540:42: error: 'OBJ_DATA' has not been declared
utility.h:541:42: error: 'OBJ_DATA' has not been declared
utility.h:542:25: error: 'OBJ_DATA' was not declared in this scope
magic.h:17:39: error: 'CHAR_DATA' has not been declared
magic.h:17:63: error: 'CHAR_DATA' has not been declared
magic.h:21:19: error: 'CHAR_DATA' was not declared in this scope; did you mean 'CMSG_DATA'?
utility.h:543:26: error: 'OBJ_DATA' was not declared in this scope
utility.h:545:25: error: 'OBJ_DATA' was not declared in this scope
magic.h:22:16: error: 'CHAR_DATA' was not declared in this scope; did you mean 'CMSG_DATA'?
utility.h:546:43: error: 'OBJ_DATA' has not been declared
magic.h:24:40: error: 'CHAR_DATA' has not been declared
mobile.h:20:39: error: 'OBJ_DATA' has not been declared
magic.h:25:5: error: 'CHAR_DATA' has not been declared
mobile.h:84:17: error: 'OBJ_DATA' has not been declared
magic.h:26:36: error: 'CHAR_DATA' has not been declared
magic.h:27:4: error: 'CHAR_DATA' has not been declared
magic.h:28:36: error: 'CHAR_DATA' has not been declared
magic.h:29:4: error: 'CHAR_DATA' has not been declared
magic.h:30:35: error: 'CHAR_DATA' has not been declared
magic.h:31:4: error: 'CHAR_DATA' has not been declared
magic.h:32:36: error: 'CHAR_DATA' has not been declared
magic.h:33:4: error: 'CHAR_DATA' has not been declared
magic.h:34:37: error: 'CHAR_DATA' has not been declared
magic.h:35:4: error: 'CHAR_DATA' has not been declared
magic.h:36:30: error: 'CHAR_DATA' has not been declared
magic.h:37:4: error: 'CHAR_DATA' has not been declared
magic.h:38:30: error: 'CHAR_DATA' has not been declared
magic.h:39:4: error: 'CHAR_DATA' has not been declared
magic.h:40:31: error: 'CHAR_DATA' has not been declared
magic.h:41:4: error: 'CHAR_DATA' has not been declared
magic.h:42:37: error: 'CHAR_DATA' has not been declared
magic.h:43:4: error: 'CHAR_DATA' has not been declared
magic.h:45:34: error: 'CHAR_DATA' has not been declared
magic.h:46:4: error: 'CHAR_DATA' has not been declared
magic.h:47:34: error: 'CHAR_DATA' has not been declared
magic.h:48:4: error: 'CHAR_DATA' has not been declared
magic.h:49:30: error: 'CHAR_DATA' has not been declared
magic.h:50:4: error: 'CHAR_DATA' has not been declared
magic.h:51:34: error: 'CHAR_DATA' has not been declared
magic.h:52:4: error: 'CHAR_DATA' has not been declared
magic.h:56:38: error: 'CHAR_DATA' has not been declared
magic.h:57:4: error: 'CHAR_DATA' has not been declared
magic.h:58:37: error: 'CHAR_DATA' has not been declared
magic.h:59:4: error: 'CHAR_DATA' has not been declared
magic.h:61:39: error: 'CHAR_DATA' has not been declared
magic.h:62:4: error: 'CHAR_DATA' has not been declared
magic.h:63:31: error: 'CHAR_DATA' has not been declared
magic.h:64:4: error: 'CHAR_DATA' has not been declared
magic.h:65:43: error: 'CHAR_DATA' has not been declared
magic.h:66:4: error: 'CHAR_DATA' has not been declared
magic.h:69:39: error: 'CHAR_DATA' has not been declared
magic.h:70:4: error: 'CHAR_DATA' has not been declared
magic.h:71:39: error: 'CHAR_DATA' has not been declared
magic.h:72:4: error: 'CHAR_DATA' has not been declared
magic.h:73:36: error: 'CHAR_DATA' has not been declared
magic.h:74:4: error: 'CHAR_DATA' has not been declared
magic.h:75:38: error: 'CHAR_DATA' has not been declared
magic.h:76:4: error: 'CHAR_DATA' has not been declared
magic.h:77:37: error: 'CHAR_DATA' has not been declared
magic.h:78:4: error: 'CHAR_DATA' has not been declared
magic.h:79:36: error: 'CHAR_DATA' has not been declared
magic.h:80:4: error: 'CHAR_DATA' has not been declared
magic.h:81:37: error: 'CHAR_DATA' has not been declared
magic.h:82:4: error: 'CHAR_DATA' has not been declared
magic.h:83:42: error: 'CHAR_DATA' has not been declared
quest.h:46:32: error: 'OBJ_DATA' has not been declared
magic.h:84:15: error: 'CHAR_DATA' has not been declared
magic.h:85:35: error: 'CHAR_DATA' has not been declared
magic.h:86:4: error: 'CHAR_DATA' has not been declared
magic.h:87:36: error: 'CHAR_DATA' has not been declared
magic.h:88:4: error: 'CHAR_DATA' has not been declared
magic.h:89:37: error: 'CHAR_DATA' has not been declared
magic.h:90:4: error: 'CHAR_DATA' has not been declared
magic.h:91:37: error: 'CHAR_DATA' has not been declared
magic.h:92:4: error: 'CHAR_DATA' has not been declared
magic.h:93:36: error: 'CHAR_DATA' has not been declared
magic.h:94:4: error: 'CHAR_DATA' has not been declared
magic.h:95:35: error: 'CHAR_DATA' has not been declared
magic.h:96:4: error: 'CHAR_DATA' has not been declared
magic.h:97:37: error: 'CHAR_DATA' has not been declared
magic.h:98:4: error: 'CHAR_DATA' has not been declared
magic.h:99:30: error: 'CHAR_DATA' has not been declared
magic.h:100:4: error: 'CHAR_DATA' has not been declared
magic.h:102:35: error: 'CHAR_DATA' has not been declared
magic.h:103:4: error: 'CHAR_DATA' has not been declared
magic.h:104:36: error: 'CHAR_DATA' has not been declared
magic.h:105:4: error: 'CHAR_DATA' has not been declared
magic.h:106:33: error: 'CHAR_DATA' has not been declared
magic.h:107:4: error: 'CHAR_DATA' has not been declared
magic.h:108:38: error: 'CHAR_DATA' has not been declared
magic.h:109:4: error: 'CHAR_DATA' has not been declared
magic.h:110:37: error: 'CHAR_DATA' has not been declared
magic.h:111:4: error: 'CHAR_DATA' has not been declared
magic.h:112:33: error: 'CHAR_DATA' has not been declared
magic.h:113:4: error: 'CHAR_DATA' has not been declared
magic.h:114:34: error: 'CHAR_DATA' has not been declared
magic.h:115:4: error: 'CHAR_DATA' has not been declared
magic.h:116:35: error: 'CHAR_DATA' has not been declared
magic.h:117:4: error: 'CHAR_DATA' has not been declared
magic.h:118:37: error: 'CHAR_DATA' has not been declared
magic.h:119:4: error: 'CHAR_DATA' has not been declared
magic.h:120:30: error: 'CHAR_DATA' has not been declared
magic.h:121:4: error: 'CHAR_DATA' has not been declared
magic.h:122:29: error: 'CHAR_DATA' has not been declared
magic.h:123:4: error: 'CHAR_DATA' has not been declared
magic.h:124:34: error: 'CHAR_DATA' has not been declared
magic.h:125:4: error: 'CHAR_DATA' has not been declared
magic.h:126:31: error: 'CHAR_DATA' has not been declared
magic.h:127:4: error: 'CHAR_DATA' has not been declared
magic.h:128:33: error: 'CHAR_DATA' has not been declared
magic.h:129:4: error: 'CHAR_DATA' has not been declared
magic.h:130:35: error: 'CHAR_DATA' has not been declared
magic.h:131:4: error: 'CHAR_DATA' has not been declared
magic.h:132:35: error: 'CHAR_DATA' has not been declared
magic.h:133:4: error: 'CHAR_DATA' has not been declared
magic.h:134:39: error: 'CHAR_DATA' has not been declared
magic.h:135:4: error: 'CHAR_DATA' has not been declared
magic.h:136:38: error: 'CHAR_DATA' has not been declared
magic.h:137:4: error: 'CHAR_DATA' has not been declared
magic.h:138:37: error: 'CHAR_DATA' has not been declared
magic.h:139:4: error: 'CHAR_DATA' has not been declared
magic.h:140:39: error: 'CHAR_DATA' has not been declared
magic.h:141:4: error: 'CHAR_DATA' has not been declared
magic.h:142:39: error: 'CHAR_DATA' has not been declared
magic.h:143:4: error: 'CHAR_DATA' has not been declared
magic.h:144:34: error: 'CHAR_DATA' has not been declared
magic.h:145:4: error: 'CHAR_DATA' has not been declared
magic.h:146:36: error: 'CHAR_DATA' has not been declared
magic.h:147:4: error: 'CHAR_DATA' has not been declared
magic.h:148:36: error: 'CHAR_DATA' has not been declared
magic.h:149:4: error: 'CHAR_DATA' has not been declared
magic.h:150:29: error: 'CHAR_DATA' has not been declared
magic.h:151:4: error: 'CHAR_DATA' has not been declared
magic.h:152:35: error: 'CHAR_DATA' has not been declared
magic.h:153:4: error: 'CHAR_DATA' has not been declared
magic.h:154:36: error: 'CHAR_DATA' has not been declared
magic.h:155:4: error: 'CHAR_DATA' has not been declared
magic.h:156:33: error: 'CHAR_DATA' has not been declared
magic.h:157:4: error: 'CHAR_DATA' has not been declared
magic.h:158:33: error: 'CHAR_DATA' has not been declared
magic.h:159:4: error: 'CHAR_DATA' has not been declared
magic.h:160:41: error: 'CHAR_DATA' has not been declared
magic.h:161:4: error: 'CHAR_DATA' has not been declared
magic.h:162:36: error: 'CHAR_DATA' has not been declared
magic.h:163:4: error: 'CHAR_DATA' has not been declared
magic.h:164:36: error: 'CHAR_DATA' has not been declared
magic.h:165:4: error: 'CHAR_DATA' has not been declared
magic.h:166:35: error: 'CHAR_DATA' has not been declared
magic.h:167:4: error: 'CHAR_DATA' has not been declared
magic.h:168:44: error: 'CHAR_DATA' has not been declared
magic.h:169:4: error: 'CHAR_DATA' has not been declared
magic.h:170:36: error: 'CHAR_DATA' has not been declared
magic.h:171:4: error: 'CHAR_DATA' has not been declared
magic.h:172:37: error: 'CHAR_DATA' has not been declared
magic.h:173:4: error: 'CHAR_DATA' has not been declared
magic.h:174:30: error: 'CHAR_DATA' has not been declared
magic.h:175:4: error: 'CHAR_DATA' has not been declared
magic.h:176:38: error: 'CHAR_DATA' has not been declared
magic.h:177:4: error: 'CHAR_DATA' has not been declared
magic.h:178:39: error: 'CHAR_DATA' has not been declared
magic.h:179:4: error: 'CHAR_DATA' has not been declared
magic.h:180:40: error: 'CHAR_DATA' has not been declared
magic.h:181:4: error: 'CHAR_DATA' has not been declared
magic.h:182:39: error: 'CHAR_DATA' has not been declared
magic.h:183:4: error: 'CHAR_DATA' has not been declared
magic.h:184:29: error: 'CHAR_DATA' has not been declared
magic.h:185:4: error: 'CHAR_DATA' has not been declared
magic.h:186:35: error: 'CHAR_DATA' has not been declared
magic.h:187:4: error: 'CHAR_DATA' has not been declared
magic.h:188:34: error: 'CHAR_DATA' has not been declared
magic.h:189:4: error: 'CHAR_DATA' has not been declared
magic.h:190:37: error: 'CHAR_DATA' has not been declared
magic.h:191:4: error: 'CHAR_DATA' has not been declared
magic.h:192:38: error: 'CHAR_DATA' has not been declared
magic.h:193:4: error: 'CHAR_DATA' has not been declared
magic.h:194:40: error: 'CHAR_DATA' has not been declared
magic.h:195:4: error: 'CHAR_DATA' has not been declared
magic.h:196:31: error: 'CHAR_DATA' has not been declared
magic.h:197:4: error: 'CHAR_DATA' has not been declared
magic.h:198:45: error: 'CHAR_DATA' has not been declared
magic.h:199:4: error: 'CHAR_DATA' has not been declared
magic.h:200:45: error: 'CHAR_DATA' has not been declared
magic.h:201:4: error: 'CHAR_DATA' has not been declared
magic.h:202:37: error: 'CHAR_DATA' has not been declared
magic.h:203:4: error: 'CHAR_DATA' has not been declared
magic.h:204:38: error: 'CHAR_DATA' has not been declared
magic.h:205:4: error: 'CHAR_DATA' has not been declared
magic.h:206:35: error: 'CHAR_DATA' has not been declared
magic.h:207:4: error: 'CHAR_DATA' has not been declared
magic.h:208:34: error: 'CHAR_DATA' has not been declared
magic.h:209:4: error: 'CHAR_DATA' has not been declared
magic.h:210:30: error: 'CHAR_DATA' has not been declared
magic.h:211:4: error: 'CHAR_DATA' has not been declared
magic.h:212:33: error: 'CHAR_DATA' has not been declared
magic.h:213:4: error: 'CHAR_DATA' has not been declared
magic.h:214:38: error: 'CHAR_DATA' has not been declared
magic.h:215:4: error: 'CHAR_DATA' has not been declared
magic.h:216:39: error: 'CHAR_DATA' has not been declared
magic.h:217:4: error: 'CHAR_DATA' has not been declared
magic.h:218:35: error: 'CHAR_DATA' has not been declared
magic.h:219:4: error: 'CHAR_DATA' has not been declared
magic.h:220:34: error: 'CHAR_DATA' has not been declared
magic.h:221:4: error: 'CHAR_DATA' has not been declared
magic.h:222:31: error: 'CHAR_DATA' has not been declared
magic.h:223:4: error: 'CHAR_DATA' has not been declared
magic.h:224:35: error: 'CHAR_DATA' has not been declared
magic.h:225:4: error: 'CHAR_DATA' has not been declared
magic.h:226:33: error: 'CHAR_DATA' has not been declared
magic.h:227:4: error: 'CHAR_DATA' has not been declared
magic.h:228:37: error: 'CHAR_DATA' has not been declared
magic.h:229:4: error: 'CHAR_DATA' has not been declared
magic.h:230:36: error: 'CHAR_DATA' has not been declared
magic.h:231:4: error: 'CHAR_DATA' has not been declared
magic.h:232:35: error: 'CHAR_DATA' has not been declared
magic.h:233:4: error: 'CHAR_DATA' has not been declared
magic.h:234:41: error: 'CHAR_DATA' has not been declared
magic.h:235:4: error: 'CHAR_DATA' has not been declared
magic.h:236:29: error: 'CHAR_DATA' has not been declared
magic.h:237:4: error: 'CHAR_DATA' has not been declared
magic.h:238:32: error: 'CHAR_DATA' has not been declared
magic.h:239:4: error: 'CHAR_DATA' has not been declared
magic.h:240:28: error: 'CHAR_DATA' has not been declared
magic.h:241:4: error: 'CHAR_DATA' has not been declared
magic.h:242:39: error: 'CHAR_DATA' has not been declared
magic.h:243:4: error: 'CHAR_DATA' has not been declared
magic.h:244:37: error: 'CHAR_DATA' has not been declared
magic.h:245:4: error: 'CHAR_DATA' has not been declared
magic.h:246:36: error: 'CHAR_DATA' has not been declared
magic.h:247:4: error: 'CHAR_DATA' has not been declared
magic.h:248:35: error: 'CHAR_DATA' has not been declared
magic.h:249:4: error: 'CHAR_DATA' has not been declared
magic.h:250:31: error: 'CHAR_DATA' has not been declared
magic.h:251:4: error: 'CHAR_DATA' has not been declared
magic.h:252:31: error: 'CHAR_DATA' has not been declared
magic.h:253:4: error: 'CHAR_DATA' has not been declared
magic.h:254:35: error: 'CHAR_DATA' has not been declared
magic.h:255:4: error: 'CHAR_DATA' has not been declared
magic.h:256:35: error: 'CHAR_DATA' has not been declared
magic.h:257:4: error: 'CHAR_DATA' has not been declared
magic.h:258:35: error: 'CHAR_DATA' has not been declared
magic.h:258:50: error: 'CHAR_DATA' has not been declared
magic.h:260:35: error: 'CHAR_DATA' has not been declared
magic.h:261:4: error: 'CHAR_DATA' has not been declared
magic.h:262:35: error: 'CHAR_DATA' has not been declared
magic.h:263:4: error: 'CHAR_DATA' has not been declared
magic.h:265:34: error: 'CHAR_DATA' has not been declared
magic.h:266:4: error: 'CHAR_DATA' has not been declared
magic.h:267:34: error: 'CHAR_DATA' has not been declared
magic.h:268:4: error: 'CHAR_DATA' has not been declared
magic.h:269:39: error: 'CHAR_DATA' has not been declared
magic.h:270:4: error: 'CHAR_DATA' has not been declared
magic.h:271:35: error: 'CHAR_DATA' has not been declared
magic.h:272:4: error: 'CHAR_DATA' has not been declared
magic.h:273:32: error: 'CHAR_DATA' has not been declared
magic.h:274:4: error: 'CHAR_DATA' has not been declared
magic.h:275:37: error: 'CHAR_DATA' has not been declared
magic.h:276:4: error: 'CHAR_DATA' has not been declared
magic.h:277:36: error: 'CHAR_DATA' has not been declared
magic.h:278:4: error: 'CHAR_DATA' has not been declared
magic.h:279:33: error: 'CHAR_DATA' has not been declared
magic.h:280:4: error: 'CHAR_DATA' has not been declared
magic.h:281:32: error: 'CHAR_DATA' has not been declared
magic.h:282:4: error: 'CHAR_DATA' has not been declared
magic.h:283:34: error: 'CHAR_DATA' has not been declared
magic.h:284:4: error: 'CHAR_DATA' has not been declared
magic.h:285:38: error: 'CHAR_DATA' has not been declared
magic.h:286:4: error: 'CHAR_DATA' has not been declared
magic.h:287:35: error: 'CHAR_DATA' has not been declared
magic.h:288:4: error: 'CHAR_DATA' has not been declared
magic.h:289:38: error: 'CHAR_DATA' has not been declared
magic.h:290:4: error: 'CHAR_DATA' has not been declared
magic.h:291:36: error: 'CHAR_DATA' has not been declared
magic.h:292:4: error: 'CHAR_DATA' has not been declared
magic.h:293:34: error: 'CHAR_DATA' has not been declared
magic.h:294:4: error: 'CHAR_DATA' has not been declared
magic.h:295:34: error: 'CHAR_DATA' has not been declared
magic.h:296:4: error: 'CHAR_DATA' has not been declared
magic.h:297:33: error: 'CHAR_DATA' has not been declared
magic.h:298:4: error: 'CHAR_DATA' has not been declared
magic.h:299:36: error: 'CHAR_DATA' has not been declared
magic.h:300:4: error: 'CHAR_DATA' has not been declared
magic.h:301:29: error: 'CHAR_DATA' has not been declared
magic.h:302:4: error: 'CHAR_DATA' has not been declared
magic.h:303:28: error: 'CHAR_DATA' has not been declared
magic.h:304:4: error: 'CHAR_DATA' has not been declared
magic.h:305:33: error: 'CHAR_DATA' has not been declared
magic.h:306:4: error: 'CHAR_DATA' has not been declared
magic.h:307:30: error: 'CHAR_DATA' has not been declared
magic.h:308:4: error: 'CHAR_DATA' has not been declared
magic.h:309:38: error: 'CHAR_DATA' has not been declared
magic.h:310:4: error: 'CHAR_DATA' has not been declared
magic.h:311:36: error: 'CHAR_DATA' has not been declared
magic.h:312:4: error: 'CHAR_DATA' has not been declared
magic.h:313:32: error: 'CHAR_DATA' has not been declared
magic.h:314:4: error: 'CHAR_DATA' has not been declared
magic.h:315:28: error: 'CHAR_DATA' has not been declared
magic.h:316:4: error: 'CHAR_DATA' has not been declared
magic.h:317:34: error: 'CHAR_DATA' has not been declared
magic.h:318:4: error: 'CHAR_DATA' has not been declared
magic.h:319:35: error: 'CHAR_DATA' has not been declared
magic.h:320:4: error: 'CHAR_DATA' has not been declared
magic.h:321:38: error: 'CHAR_DATA' has not been declared
magic.h:322:4: error: 'CHAR_DATA' has not been declared
magic.h:323:37: error: 'CHAR_DATA' has not been declared
magic.h:324:4: error: 'CHAR_DATA' has not been declared
magic.h:325:29: error: 'CHAR_DATA' has not been declared
magic.h:326:4: error: 'CHAR_DATA' has not been declared
magic.h:327:29: error: 'CHAR_DATA' has not been declared
magic.h:328:4: error: 'CHAR_DATA' has not been declared
magic.h:329:32: error: 'CHAR_DATA' has not been declared
magic.h:330:4: error: 'CHAR_DATA' has not been declared
magic.h:331:29: error: 'CHAR_DATA' has not been declared
magic.h:332:4: error: 'CHAR_DATA' has not been declared
magic.h:333:32: error: 'CHAR_DATA' has not been declared
magic.h:334:4: error: 'CHAR_DATA' has not been declared
magic.h:335:33: error: 'CHAR_DATA' has not been declared
magic.h:336:4: error: 'CHAR_DATA' has not been declared
magic.h:337:39: error: 'CHAR_DATA' has not been declared
magic.h:338:4: error: 'CHAR_DATA' has not been declared
magic.h:339:35: error: 'CHAR_DATA' has not been declared
magic.h:340:4: error: 'CHAR_DATA' has not been declared
magic.h:341:36: error: 'CHAR_DATA' has not been declared
magic.h:342:4: error: 'CHAR_DATA' has not been declared
magic.h:343:40: error: 'CHAR_DATA' has not been declared
magic.h:344:4: error: 'CHAR_DATA' has not been declared
magic.h:345:36: error: 'CHAR_DATA' has not been declared
magic.h:346:4: error: 'CHAR_DATA' has not been declared
magic.h:347:35: error: 'CHAR_DATA' has not been declared
magic.h:348:4: error: 'CHAR_DATA' has not been declared
magic.h:349:34: error: 'CHAR_DATA' has not been declared
magic.h:350:4: error: 'CHAR_DATA' has not been declared
magic.h:351:29: error: 'CHAR_DATA' has not been declared
magic.h:352:4: error: 'CHAR_DATA' has not been declared
magic.h:353:35: error: 'CHAR_DATA' has not been declared
magic.h:354:4: error: 'CHAR_DATA' has not been declared
magic.h:355:34: error: 'CHAR_DATA' has not been declared
magic.h:356:4: error: 'CHAR_DATA' has not been declared
magic.h:357:35: error: 'CHAR_DATA' has not been declared
magic.h:358:4: error: 'CHAR_DATA' has not been declared
magic.h:359:43: error: 'CHAR_DATA' has not been declared
magic.h:360:4: error: 'CHAR_DATA' has not been declared
magic.h:361:36: error: 'CHAR_DATA' has not been declared
magic.h:362:4: error: 'CHAR_DATA' has not been declared
magic.h:363:29: error: 'CHAR_DATA' has not been declared
magic.h:364:4: error: 'CHAR_DATA' has not been declared
magic.h:365:37: error: 'CHAR_DATA' has not been declared
magic.h:366:4: error: 'CHAR_DATA' has not been declared
magic.h:367:35: error: 'CHAR_DATA' has not been declared
magic.h:368:4: error: 'CHAR_DATA' has not been declared
magic.h:369:35: error: 'CHAR_DATA' has not been declared
magic.h:370:4: error: 'CHAR_DATA' has not been declared
magic.h:371:38: error: 'CHAR_DATA' has not been declared
magic.h:372:4: error: 'CHAR_DATA' has not been declared
magic.h:373:28: error: 'CHAR_DATA' has not been declared
magic.h:374:4: error: 'CHAR_DATA' has not been declared
magic.h:375:34: error: 'CHAR_DATA' has not been declared
magic.h:376:4: error: 'CHAR_DATA' has not been declared
magic.h:377:33: error: 'CHAR_DATA' has not been declared
magic.h:378:4: error: 'CHAR_DATA' has not been declared
magic.h:379:36: error: 'CHAR_DATA' has not been declared
magic.h:380:4: error: 'CHAR_DATA' has not been declared
magic.h:381:37: error: 'CHAR_DATA' has not been declared
magic.h:382:4: error: 'CHAR_DATA' has not been declared
magic.h:383:30: error: 'CHAR_DATA' has not been declared
magic.h:384:4: error: 'CHAR_DATA' has not been declared
magic.h:385:44: error: 'CHAR_DATA' has not been declared
magic.h:386:4: error: 'CHAR_DATA' has not been declared
magic.h:387:44: error: 'CHAR_DATA' has not been declared
magic.h:388:4: error: 'CHAR_DATA' has not been declared
magic.h:389:36: error: 'CHAR_DATA' has not been declared
magic.h:390:4: error: 'CHAR_DATA' has not been declared
magic.h:391:37: error: 'CHAR_DATA' has not been declared
magic.h:392:4: error: 'CHAR_DATA' has not been declared
magic.h:393:34: error: 'CHAR_DATA' has not been declared
magic.h:394:4: error: 'CHAR_DATA' has not been declared
magic.h:395:33: error: 'CHAR_DATA' has not been declared
magic.h:396:4: error: 'CHAR_DATA' has not been declared
magic.h:397:29: error: 'CHAR_DATA' has not been declared
magic.h:398:4: error: 'CHAR_DATA' has not been declared
magic.h:399:32: error: 'CHAR_DATA' has not been declared
magic.h:400:4: error: 'CHAR_DATA' has not been declared
magic.h:401:37: error: 'CHAR_DATA' has not been declared
magic.h:402:4: error: 'CHAR_DATA' has not been declared
magic.h:403:38: error: 'CHAR_DATA' has not been declared
magic.h:404:4: error: 'CHAR_DATA' has not been declared
magic.h:405:34: error: 'CHAR_DATA' has not been declared
magic.h:406:4: error: 'CHAR_DATA' has not been declared
magic.h:407:33: error: 'CHAR_DATA' has not been declared
magic.h:408:4: error: 'CHAR_DATA' has not been declared
magic.h:409:30: error: 'CHAR_DATA' has not been declared
magic.h:410:4: error: 'CHAR_DATA' has not been declared
magic.h:411:36: error: 'CHAR_DATA' has not been declared
magic.h:412:4: error: 'CHAR_DATA' has not been declared
magic.h:413:34: error: 'CHAR_DATA' has not been declared
magic.h:414:4: error: 'CHAR_DATA' has not been declared
magic.h:415:32: error: 'CHAR_DATA' has not been declared
magic.h:416:4: error: 'CHAR_DATA' has not been declared
magic.h:417:36: error: 'CHAR_DATA' has not been declared
magic.h:418:4: error: 'CHAR_DATA' has not been declared
magic.h:419:35: error: 'CHAR_DATA' has not been declared
magic.h:420:4: error: 'CHAR_DATA' has not been declared
magic.h:421:35: error: 'CHAR_DATA' has not been declared
magic.h:422:4: error: 'CHAR_DATA' has not been declared
magic.h:423:34: error: 'CHAR_DATA' has not been declared
magic.h:424:4: error: 'CHAR_DATA' has not been declared
magic.h:425:40: error: 'CHAR_DATA' has not been declared
magic.h:426:4: error: 'CHAR_DATA' has not been declared
magic.h:427:28: error: 'CHAR_DATA' has not been declared
magic.h:428:4: error: 'CHAR_DATA' has not been declared
magic.h:429:31: error: 'CHAR_DATA' has not been declared
magic.h:430:4: error: 'CHAR_DATA' has not been declared
magic.h:431:27: error: 'CHAR_DATA' has not been declared
magic.h:432:4: error: 'CHAR_DATA' has not been declared
magic.h:433:34: error: 'CHAR_DATA' has not been declared
magic.h:434:4: error: 'CHAR_DATA' has not been declared
magic.h:435:38: error: 'CHAR_DATA' has not been declared
magic.h:436:4: error: 'CHAR_DATA' has not been declared
magic.h:437:36: error: 'CHAR_DATA' has not been declared
magic.h:438:4: error: 'CHAR_DATA' has not been declared
magic.h:439:41: error: 'CHAR_DATA' has not been declared
magic.h:441:4: error: 'CHAR_DATA' has not been declared
magic.h:442:36: error: 'CHAR_DATA' has not been declared
magic.h:443:4: error: 'CHAR_DATA' has not been declared
magic.h:444:35: error: 'CHAR_DATA' has not been declared
magic.h:445:4: error: 'CHAR_DATA' has not been declared
magic.h:446:38: error: 'CHAR_DATA' has not been declared
magic.h:447:14: error: 'CHAR_DATA' has not been declared
magic.h:449:37: error: 'CHAR_DATA' has not been declared
magic.h:450:14: error: 'CHAR_DATA' has not been declared
magic.h:452:35: error: 'CHAR_DATA' has not been declared
magic.h:453:14: error: 'CHAR_DATA' has not been declared
magic.h:455:34: error: 'CHAR_DATA' has not been declared
magic.h:456:14: error: 'CHAR_DATA' has not been declared
magic.h:458:30: error: 'CHAR_DATA' has not been declared
magic.h:459:14: error: 'CHAR_DATA' has not been declared
magic.h:461:30: error: 'CHAR_DATA' has not been declared
magic.h:462:14: error: 'CHAR_DATA' has not been declared
magic.h:464:34: error: 'CHAR_DATA' has not been declared
magic.h:465:14: error: 'CHAR_DATA' has not been declared
magic.h:467:34: error: 'CHAR_DATA' has not been declared
magic.h:468:14: error: 'CHAR_DATA' has not been declared
magic.h:470:34: error: 'CHAR_DATA' has not been declared
magic.h:471:14: error: 'CHAR_DATA' has not been declared
magic.h:473:30: error: 'CHAR_DATA' has not been declared
magic.h:474:14: error: 'CHAR_DATA' has not been declared
magic.h:476:35: error: 'CHAR_DATA' has not been declared
magic.h:477:14: error: 'CHAR_DATA' has not been declared
magic.h:479:36: error: 'CHAR_DATA' has not been declared
magic.h:480:4: error: 'CHAR_DATA' has not been declared
magic.h:481:28: error: 'CHAR_DATA' has not been declared
magic.h:482:4: error: 'CHAR_DATA' has not been declared
magic.h:483:34: error: 'CHAR_DATA' has not been declared
magic.h:484:4: error: 'CHAR_DATA' has not been declared
magic.h:485:36: error: 'CHAR_DATA' has not been declared
magic.h:486:4: error: 'CHAR_DATA' has not been declared
magic.h:487:34: error: 'CHAR_DATA' has not been declared
magic.h:488:4: error: 'CHAR_DATA' has not been declared
magic.h:489:34: error: 'CHAR_DATA' has not been declared
magic.h:490:4: error: 'CHAR_DATA' has not been declared
magic.h:491:36: error: 'CHAR_DATA' has not been declared
magic.h:492:4: error: 'CHAR_DATA' has not been declared
magic.h:493:33: error: 'CHAR_DATA' has not been declared
magic.h:494:4: error: 'CHAR_DATA' has not been declared
magic.h:495:37: error: 'CHAR_DATA' has not been declared
magic.h:496:4: error: 'CHAR_DATA' has not been declared
magic.h:497:35: error: 'CHAR_DATA' has not been declared
ki.h:14:48: error: 'CHAR_DATA' has not been declared
ki.h:14:74: error: 'CHAR_DATA' has not been declared
magic.h:498:4: error: 'CHAR_DATA' has not been declared
magic.h:499:36: error: 'CHAR_DATA' has not been declared
magic.h:500:4: error: 'CHAR_DATA' has not been declared
magic.h:501:35: error: 'CHAR_DATA' has not been declared
magic.h:502:4: error: 'CHAR_DATA' has not been declared
magic.h:503:33: error: 'CHAR_DATA' has not been declared
magic.h:504:9: error: 'CHAR_DATA' has not been declared
magic.h:505:33: error: 'CHAR_DATA' has not been declared
magic.h:506:9: error: 'CHAR_DATA' has not been declared
magic.h:507:38: error: 'CHAR_DATA' has not been declared
magic.h:508:9: error: 'CHAR_DATA' has not been declared
magic.h:509:32: error: 'CHAR_DATA' has not been declared
magic.h:510:9: error: 'CHAR_DATA' has not been declared
magic.h:511:33: error: 'CHAR_DATA' has not been declared
magic.h:512:9: error: 'CHAR_DATA' has not been declared
magic.h:513:37: error: 'CHAR_DATA' has not been declared
magic.h:514:9: error: 'CHAR_DATA' has not been declared
magic.h:515:32: error: 'CHAR_DATA' has not been declared
magic.h:516:9: error: 'CHAR_DATA' has not been declared
magic.h:517:39: error: 'CHAR_DATA' has not been declared
magic.h:518:9: error: 'CHAR_DATA' has not been declared
magic.h:519:38: error: 'CHAR_DATA' has not been declared
magic.h:520:9: error: 'CHAR_DATA' has not been declared
magic.h:521:35: error: 'CHAR_DATA' has not been declared
magic.h:522:9: error: 'CHAR_DATA' has not been declared
magic.h:523:33: error: 'CHAR_DATA' has not been declared
magic.h:524:9: error: 'CHAR_DATA' has not been declared
magic.h:525:36: error: 'CHAR_DATA' has not been declared
magic.h:526:4: error: 'CHAR_DATA' has not been declared
magic.h:528:37: error: 'CHAR_DATA' has not been declared
magic.h:529:4: error: 'CHAR_DATA' has not been declared
magic.h:530:36: error: 'CHAR_DATA' has not been declared
magic.h:531:4: error: 'CHAR_DATA' has not been declared
magic.h:533:38: error: 'CHAR_DATA' has not been declared
magic.h:534:9: error: 'CHAR_DATA' has not been declared
magic.h:535:31: error: 'CHAR_DATA' has not been declared
magic.h:536:9: error: 'CHAR_DATA' has not been declared
magic.h:537:32: error: 'CHAR_DATA' has not been declared
magic.h:538:9: error: 'CHAR_DATA' has not been declared
magic.h:540:37: error: 'CHAR_DATA' has not been declared
magic.h:541:4: error: 'CHAR_DATA' has not been declared
magic.h:542:36: error: 'CHAR_DATA' has not been declared
magic.h:543:4: error: 'CHAR_DATA' has not been declared
magic.h:544:44: error: 'CHAR_DATA' has not been declared
magic.h:545:4: error: 'CHAR_DATA' has not been declared
magic.h:547:40: error: 'CHAR_DATA' has not been declared
magic.h:548:4: error: 'CHAR_DATA' has not been declared
magic.h:549:39: error: 'CHAR_DATA' has not been declared
magic.h:550:4: error: 'CHAR_DATA' has not been declared
magic.h:552:37: error: 'CHAR_DATA' has not been declared
magic.h:553:4: error: 'CHAR_DATA' has not been declared
magic.h:554:36: error: 'CHAR_DATA' has not been declared
magic.h:555:4: error: 'CHAR_DATA' has not been declared
magic.h:557:36: error: 'CHAR_DATA' has not been declared
magic.h:558:4: error: 'CHAR_DATA' has not been declared
magic.h:559:35: error: 'CHAR_DATA' has not been declared
magic.h:560:4: error: 'CHAR_DATA' has not been declared
magic.h:562:32: error: 'CHAR_DATA' has not been declared
magic.h:563:4: error: 'CHAR_DATA' has not been declared
magic.h:564:31: error: 'CHAR_DATA' has not been declared
magic.h:565:4: error: 'CHAR_DATA' has not been declared
magic.h:567:35: error: 'CHAR_DATA' has not been declared
magic.h:568:4: error: 'CHAR_DATA' has not been declared
magic.h:569:34: error: 'CHAR_DATA' has not been declared
magic.h:570:4: error: 'CHAR_DATA' has not been declared
magic.h:572:35: error: 'CHAR_DATA' has not been declared
magic.h:573:4: error: 'CHAR_DATA' has not been declared
magic.h:574:34: error: 'CHAR_DATA' has not been declared
magic.h:575:4: error: 'CHAR_DATA' has not been declared
magic.h:577:36: error: 'CHAR_DATA' has not been declared
magic.h:578:4: error: 'CHAR_DATA' has not been declared
magic.h:579:35: error: 'CHAR_DATA' has not been declared
magic.h:580:4: error: 'CHAR_DATA' has not been declared
magic.h:582:40: error: 'CHAR_DATA' has not been declared
magic.h:583:4: error: 'CHAR_DATA' has not been declared
magic.h:584:39: error: 'CHAR_DATA' has not been declared
magic.h:585:4: error: 'CHAR_DATA' has not been declared
magic.h:587:42: error: 'CHAR_DATA' has not been declared
magic.h:588:4: error: 'CHAR_DATA' has not been declared
magic.h:589:41: error: 'CHAR_DATA' has not been declared
magic.h:590:4: error: 'CHAR_DATA' has not been declared
magic.h:592:33: error: 'CHAR_DATA' has not been declared
magic.h:593:4: error: 'CHAR_DATA' has not been declared
magic.h:594:33: error: 'CHAR_DATA' has not been declared
magic.h:595:4: error: 'CHAR_DATA' has not been declared
magic.h:596:42: error: 'CHAR_DATA' has not been declared
magic.h:597:4: error: 'CHAR_DATA' has not been declared
magic.h:598:41: error: 'CHAR_DATA' has not been declared
magic.h:599:4: error: 'CHAR_DATA' has not been declared
magic.h:601:33: error: 'CHAR_DATA' has not been declared
magic.h:602:4: error: 'CHAR_DATA' has not been declared
magic.h:603:32: error: 'CHAR_DATA' has not been declared
magic.h:604:4: error: 'CHAR_DATA' has not been declared
magic.h:606:41: error: 'CHAR_DATA' has not been declared
magic.h:607:4: error: 'CHAR_DATA' has not been declared
magic.h:608:40: error: 'CHAR_DATA' has not been declared
magic.h:609:4: error: 'CHAR_DATA' has not been declared
magic.h:611:34: error: 'CHAR_DATA' has not been declared
magic.h:612:4: error: 'CHAR_DATA' has not been declared
magic.h:613:33: error: 'CHAR_DATA' has not been declared
magic.h:614:4: error: 'CHAR_DATA' has not been declared
magic.h:616:33: error: 'CHAR_DATA' has not been declared
magic.h:617:4: error: 'CHAR_DATA' has not been declared
magic.h:618:32: error: 'CHAR_DATA' has not been declared
magic.h:619:4: error: 'CHAR_DATA' has not been declared
magic.h:621:34: error: 'CHAR_DATA' has not been declared
magic.h:622:4: error: 'CHAR_DATA' has not been declared
magic.h:623:33: error: 'CHAR_DATA' has not been declared
magic.h:624:4: error: 'CHAR_DATA' has not been declared
magic.h:626:38: error: 'CHAR_DATA' has not been declared
magic.h:627:4: error: 'CHAR_DATA' has not been declared
magic.h:628:37: error: 'CHAR_DATA' has not been declared
magic.h:629:4: error: 'CHAR_DATA' has not been declared
magic.h:631:34: error: 'CHAR_DATA' has not been declared
magic.h:632:4: error: 'CHAR_DATA' has not been declared
magic.h:633:33: error: 'CHAR_DATA' has not been declared
magic.h:634:4: error: 'CHAR_DATA' has not been declared
magic.h:637:53: error: 'CHAR_DATA' has not been declared
magic.h:637:68: error: 'CHAR_DATA' has not been declared
magic.h:637:87: error: 'OBJ_DATA' has not been declared
magic.h:638:53: error: 'CHAR_DATA' has not been declared
magic.h:638:68: error: 'CHAR_DATA' has not been declared
magic.h:638:87: error: 'OBJ_DATA' has not been declared
magic.h:640:35: error: 'CHAR_DATA' has not been declared
magic.h:641:4: error: 'CHAR_DATA' has not been declared
magic.h:642:34: error: 'CHAR_DATA' has not been declared
magic.h:643:4: error: 'CHAR_DATA' has not been declared
magic.h:646:34: error: 'CHAR_DATA' has not been declared
magic.h:647:4: error: 'CHAR_DATA' has not been declared
magic.h:648:33: error: 'CHAR_DATA' has not been declared
magic.h:649:4: error: 'CHAR_DATA' has not been declared
magic.h:651:33: error: 'CHAR_DATA' has not been declared
magic.h:652:4: error: 'CHAR_DATA' has not been declared
magic.h:653:32: error: 'CHAR_DATA' has not been declared
magic.h:654:4: error: 'CHAR_DATA' has not been declared
magic.h:656:36: error: 'CHAR_DATA' has not been declared
magic.h:657:4: error: 'CHAR_DATA' has not been declared
magic.h:658:35: error: 'CHAR_DATA' has not been declared
magic.h:659:4: error: 'CHAR_DATA' has not been declared
magic.h:661:42: error: 'CHAR_DATA' has not been declared
magic.h:662:4: error: 'CHAR_DATA' has not been declared
magic.h:663:41: error: 'CHAR_DATA' has not been declared
magic.h:664:4: error: 'CHAR_DATA' has not been declared
magic.h:667:41: error: 'CHAR_DATA' has not been declared
magic.h:668:4: error: 'CHAR_DATA' has not been declared
magic.h:669:40: error: 'CHAR_DATA' has not been declared
magic.h:670:4: error: 'CHAR_DATA' has not been declared
magic.h:672:39: error: 'CHAR_DATA' has not been declared
magic.h:673:4: error: 'CHAR_DATA' has not been declared
magic.h:674:38: error: 'CHAR_DATA' has not been declared
magic.h:675:4: error: 'CHAR_DATA' has not been declared
magic.h:677:39: error: 'CHAR_DATA' has not been declared
magic.h:678:4: error: 'CHAR_DATA' has not been declared
magic.h:679:38: error: 'CHAR_DATA' has not been declared
magic.h:680:4: error: 'CHAR_DATA' has not been declared
magic.h:682:37: error: 'CHAR_DATA' has not been declared
magic.h:683:4: error: 'CHAR_DATA' has not been declared
magic.h:684:36: error: 'CHAR_DATA' has not been declared
magic.h:685:4: error: 'CHAR_DATA' has not been declared
magic.h:687:29: error: 'CHAR_DATA' has not been declared
magic.h:688:4: error: 'CHAR_DATA' has not been declared
magic.h:690:36: error: 'CHAR_DATA' has not been declared
magic.h:691:4: error: 'CHAR_DATA' has not been declared
magic.h:692:33: error: 'CHAR_DATA' has not been declared
magic.h:693:4: error: 'CHAR_DATA' has not been declared
magic.h:694:31: error: 'CHAR_DATA' has not been declared
magic.h:695:4: error: 'CHAR_DATA' has not been declared
magic.h:696:32: error: 'CHAR_DATA' has not been declared
magic.h:697:4: error: 'CHAR_DATA' has not been declared
magic.h:698:34: error: 'CHAR_DATA' has not been declared
magic.h:699:4: error: 'CHAR_DATA' has not been declared
magic.h:700:31: error: 'CHAR_DATA' has not been declared
magic.h:701:4: error: 'CHAR_DATA' has not been declared
magic.h:702:37: error: 'CHAR_DATA' has not been declared
magic.h:703:4: error: 'CHAR_DATA' has not been declared
magic.h:705:33: error: 'CHAR_DATA' has not been declared
magic.h:706:4: error: 'CHAR_DATA' has not been declared
magic.h:707:32: error: 'CHAR_DATA' has not been declared
magic.h:708:4: error: 'CHAR_DATA' has not been declared
magic.h:710:32: error: 'CHAR_DATA' has not been declared
magic.h:711:4: error: 'CHAR_DATA' has not been declared
magic.h:712:31: error: 'CHAR_DATA' has not been declared
magic.h:713:4: error: 'CHAR_DATA' has not been declared
magic.h:715:35: error: 'CHAR_DATA' has not been declared
magic.h:716:4: error: 'CHAR_DATA' has not been declared
magic.h:717:34: error: 'CHAR_DATA' has not been declared
magic.h:718:4: error: 'CHAR_DATA' has not been declared
magic.h:719:34: error: 'CHAR_DATA' has not been declared
magic.h:720:4: error: 'CHAR_DATA' has not been declared
magic.h:721:33: error: 'CHAR_DATA' has not been declared
magic.h:722:4: error: 'CHAR_DATA' has not been declared
magic.h:724:39: error: 'CHAR_DATA' has not been declared
magic.h:725:4: error: 'CHAR_DATA' has not been declared
magic.h:726:38: error: 'CHAR_DATA' has not been declared
magic.h:727:4: error: 'CHAR_DATA' has not been declared
magic.h:729:39: error: 'CHAR_DATA' has not been declared
magic.h:730:4: error: 'CHAR_DATA' has not been declared
magic.h:731:38: error: 'CHAR_DATA' has not been declared
magic.h:732:4: error: 'CHAR_DATA' has not been declared
ki.h:45:13: error: 'CHAR_DATA' was not declared in this scope; did you mean 'CHAR_MAX'?
ki.h:46:14: error: 'CHAR_DATA' was not declared in this scope; did you mean 'CHAR_MAX'?
ki.h:47:16: error: 'CHAR_DATA' was not declared in this scope; did you mean 'CHAR_MAX'?
character.h:83:5: error: 'OBJ_DATA' does not name a type
character.h:83:5: error: 'OBJ_DATA' does not name a type
character.h:373:5: error: 'OBJ_DATA' does not name a type
character.h:373:5: error: 'OBJ_DATA' does not name a type
character.h:83:5: error: 'OBJ_DATA' does not name a type
character.h:373:5: error: 'OBJ_DATA' does not name a type
character.h:83:5: error: 'OBJ_DATA' does not name a type
utility.h:509:59: error: 'OBJ_DATA' has not been declared
utility.h:512:41: error: 'OBJ_DATA' has not been declared
utility.h:515:56: error: 'OBJ_DATA' has not been declared
utility.h:521:41: error: 'OBJ_DATA' has not been declared
utility.h:540:42: error: 'OBJ_DATA' has not been declared
utility.h:541:42: error: 'OBJ_DATA' has not been declared
character.h:373:5: error: 'OBJ_DATA' does not name a type
utility.h:542:25: error: 'OBJ_DATA' was not declared in this scope
utility.h:543:26: error: 'OBJ_DATA' was not declared in this scope
sing.h:16:56: error: 'CHAR_DATA' has not been declared
sing.h:16:82: error: 'CHAR_DATA' has not been declared
utility.h:545:25: error: 'OBJ_DATA' was not declared in this scope
sing.h:45:25: error: 'CHAR_DATA' was not declared in this scope; did you mean 'CMSG_DATA'?
utility.h:546:43: error: 'OBJ_DATA' has not been declared
mobile.h:20:39: error: 'OBJ_DATA' has not been declared
mobile.h:84:17: error: 'OBJ_DATA' has not been declared
quest.h:46:32: error: 'OBJ_DATA' has not been declared
character.h:83:5: error: 'OBJ_DATA' does not name a type
character.h:373:5: error: 'OBJ_DATA' does not name a type
utility.h:509:59: error: 'OBJ_DATA' has not been declared
utility.h:512:41: error: 'OBJ_DATA' has not been declared
utility.h:515:56: error: 'OBJ_DATA' has not been declared
utility.h:521:41: error: 'OBJ_DATA' has not been declared
utility.h:540:42: error: 'OBJ_DATA' has not been declared
utility.h:541:42: error: 'OBJ_DATA' has not been declared
utility.h:509:59: error: 'OBJ_DATA' has not been declared
utility.h:542:25: error: 'OBJ_DATA' was not declared in this scope
character.h:83:5: error: 'OBJ_DATA' does not name a type
utility.h:512:41: error: 'OBJ_DATA' has not been declared
character.h:83:5: error: 'OBJ_DATA' does not name a type
utility.h:515:56: error: 'OBJ_DATA' has not been declared
utility.h:521:41: error: 'OBJ_DATA' has not been declared
utility.h:540:42: error: 'OBJ_DATA' has not been declared
utility.h:541:42: error: 'OBJ_DATA' has not been declared
utility.h:542:25: error: 'OBJ_DATA' was not declared in this scope
utility.h:543:26: error: 'OBJ_DATA' was not declared in this scope
character.h:373:5: error: 'OBJ_DATA' does not name a type
character.h:373:5: error: 'OBJ_DATA' does not name a type
utility.h:543:26: error: 'OBJ_DATA' was not declared in this scope
utility.h:545:25: error: 'OBJ_DATA' was not declared in this scope
utility.h:545:25: error: 'OBJ_DATA' was not declared in this scope
utility.h:546:43: error: 'OBJ_DATA' has not been declared
mobile.h:20:39: error: 'OBJ_DATA' has not been declared
mobile.h:84:17: error: 'OBJ_DATA' has not been declared
quest.h:46:32: error: 'OBJ_DATA' has not been declared
utility.h:546:43: error: 'OBJ_DATA' has not been declared
mobile.h:20:39: error: 'OBJ_DATA' has not been declared
mobile.h:84:17: error: 'OBJ_DATA' has not been declared
quest.h:46:32: error: 'OBJ_DATA' has not been declared
utility.h:509:59: error: 'OBJ_DATA' has not been declared
utility.h:512:41: error: 'OBJ_DATA' has not been declared
utility.h:515:56: error: 'OBJ_DATA' has not been declared
utility.h:521:41: error: 'OBJ_DATA' has not been declared
utility.h:540:42: error: 'OBJ_DATA' has not been declared
utility.h:541:42: error: 'OBJ_DATA' has not been declared
utility.h:542:25: error: 'OBJ_DATA' was not declared in this scope
utility.h:543:26: error: 'OBJ_DATA' was not declared in this scope
utility.h:545:25: error: 'OBJ_DATA' was not declared in this scope
character.h:83:5: error: 'OBJ_DATA' does not name a type
utility.h:546:43: error: 'OBJ_DATA' has not been declared
mobile.h:20:39: error: 'OBJ_DATA' has not been declared
mobile.h:84:17: error: 'OBJ_DATA' has not been declared
quest.h:46:32: error: 'OBJ_DATA' has not been declared
character.h:373:5: error: 'OBJ_DATA' does not name a type
utility.h:509:59: error: 'OBJ_DATA' has not been declared
character.h:83:5: error: 'OBJ_DATA' does not name a type
utility.h:512:41: error: 'OBJ_DATA' has not been declared
utility.h:515:56: error: 'OBJ_DATA' has not been declared
utility.h:521:41: error: 'OBJ_DATA' has not been declared
utility.h:540:42: error: 'OBJ_DATA' has not been declared
utility.h:541:42: error: 'OBJ_DATA' has not been declared
character.h:373:5: error: 'OBJ_DATA' does not name a type
utility.h:542:25: error: 'OBJ_DATA' was not declared in this scope
utility.h:543:26: error: 'OBJ_DATA' was not declared in this scope
utility.h:545:25: error: 'OBJ_DATA' was not declared in this scope
utility.h:546:43: error: 'OBJ_DATA' has not been declared
mobile.h:20:39: error: 'OBJ_DATA' has not been declared
mobile.h:84:17: error: 'OBJ_DATA' has not been declared
quest.h:46:32: error: 'OBJ_DATA' has not been declared
utility.h:509:59: error: 'OBJ_DATA' has not been declared
utility.h:512:41: error: 'OBJ_DATA' has not been declared
utility.h:515:56: error: 'OBJ_DATA' has not been declared
utility.h:521:41: error: 'OBJ_DATA' has not been declared
utility.h:540:42: error: 'OBJ_DATA' has not been declared
utility.h:541:42: error: 'OBJ_DATA' has not been declared
utility.h:542:25: error: 'OBJ_DATA' was not declared in this scope
utility.h:543:26: error: 'OBJ_DATA' was not declared in this scope
utility.h:545:25: error: 'OBJ_DATA' was not declared in this scope
utility.h:509:59: error: 'OBJ_DATA' has not been declared
utility.h:512:41: error: 'OBJ_DATA' has not been declared
utility.h:515:56: error: 'OBJ_DATA' has not been declared
utility.h:521:41: error: 'OBJ_DATA' has not been declared
utility.h:540:42: error: 'OBJ_DATA' has not been declared
utility.h:541:42: error: 'OBJ_DATA' has not been declared
utility.h:542:25: error: 'OBJ_DATA' was not declared in this scope
utility.h:546:43: error: 'OBJ_DATA' has not been declared
mobile.h:20:39: error: 'OBJ_DATA' has not been declared
mobile.h:84:17: error: 'OBJ_DATA' has not been declared
quest.h:46:32: error: 'OBJ_DATA' has not been declared
utility.h:543:26: error: 'OBJ_DATA' was not declared in this scope
utility.h:545:25: error: 'OBJ_DATA' was not declared in this scope
utility.h:546:43: error: 'OBJ_DATA' has not been declared
mobile.h:20:39: error: 'OBJ_DATA' has not been declared
mobile.h:84:17: error: 'OBJ_DATA' has not been declared
quest.h:46:32: error: 'OBJ_DATA' has not been declared
utility.h:509:59: error: 'OBJ_DATA' has not been declared
utility.h:512:41: error: 'OBJ_DATA' has not been declared
utility.h:515:56: error: 'OBJ_DATA' has not been declared
utility.h:521:41: error: 'OBJ_DATA' has not been declared
utility.h:540:42: error: 'OBJ_DATA' has not been declared
utility.h:541:42: error: 'OBJ_DATA' has not been declared
utility.h:542:25: error: 'OBJ_DATA' was not declared in this scope
utility.h:543:26: error: 'OBJ_DATA' was not declared in this scope
utility.h:545:25: error: 'OBJ_DATA' was not declared in this scope
utility.h:546:43: error: 'OBJ_DATA' has not been declared
mobile.h:20:39: error: 'OBJ_DATA' has not been declared
mobile.h:84:17: error: 'OBJ_DATA' has not been declared
quest.h:46:32: error: 'OBJ_DATA' has not been declared
character.h:83:5: error: 'OBJ_DATA' does not name a type
character.h:373:5: error: 'OBJ_DATA' does not name a type
utility.h:509:59: error: 'OBJ_DATA' has not been declared
utility.h:512:41: error: 'OBJ_DATA' has not been declared
utility.h:515:56: error: 'OBJ_DATA' has not been declared
utility.h:521:41: error: 'OBJ_DATA' has not been declared
utility.h:540:42: error: 'OBJ_DATA' has not been declared
utility.h:541:42: error: 'OBJ_DATA' has not been declared
utility.h:542:25: error: 'OBJ_DATA' was not declared in this scope
utility.h:543:26: error: 'OBJ_DATA' was not declared in this scope
utility.h:545:25: error: 'OBJ_DATA' was not declared in this scope
utility.h:546:43: error: 'OBJ_DATA' has not been declared
mobile.h:20:39: error: 'OBJ_DATA' has not been declared
mobile.h:84:17: error: 'OBJ_DATA' has not been declared
quest.h:46:32: error: 'OBJ_DATA' has not been declared
character.h:83:5: error: 'OBJ_DATA' does not name a type
character.h:83:5: error: 'OBJ_DATA' does not name a type
character.h:373:5: error: 'OBJ_DATA' does not name a type
character.h:373:5: error: 'OBJ_DATA' does not name a type
character.h:83:5: error: 'OBJ_DATA' does not name a type
character.h:373:5: error: 'OBJ_DATA' does not name a type
character.h:83:5: error: 'OBJ_DATA' does not name a type
character.h:373:5: error: 'OBJ_DATA' does not name a type
character.h:83:5: error: 'OBJ_DATA' does not name a type
character.h:373:5: error: 'OBJ_DATA' does not name a type
character.h:83:5: error: 'OBJ_DATA' does not name a type
character.h:373:5: error: 'OBJ_DATA' does not name a type
character.h:83:5: error: 'OBJ_DATA' does not name a type
character.h:373:5: error: 'OBJ_DATA' does not name a type
character.h:83:5: error: 'OBJ_DATA' does not name a type
character.h:373:5: error: 'OBJ_DATA' does not name a type
